<?xml version="1.0" encoding="UTF-8"?>
<!-- Generated by org.testng.reporters.JUnitXMLReporter -->
<testsuite ignored="0" hostname="DESKTOP-QRPNPOQ" failures="0" tests="4" name="Default test" time="15.468" errors="0" timestamp="2025-09-16T16:10:58 IST">
  <testcase classname="api.test.UserTest" name="testPostUser" time="6.806"/>
  <testcase classname="api.test.UserTest" name="testgetUserByName" time="1.679"/>
  <testcase classname="api.test.UserTest" name="testUpdateUser" time="2.927"/>
  <testcase classname="api.test.UserTest" name="test_DeleteUser" time="1.549"/>
</testsuite> <!-- Default test -->
