<?xml version="1.0" encoding="UTF-8"?>
<!-- Generated by org.testng.reporters.JUnitXMLReporter -->
<testsuite ignored="0" hostname="DESKTOP-QRPNPOQ" failures="0" tests="3" name="Test" time="12.352" errors="0" timestamp="2025-09-18T22:21:47 IST">
  <testcase classname="api.test.UserTest2resourcebundle" name="LoginUser" time="6.869"/>
  <testcase classname="api.test.UserTest2resourcebundle" name="testPostUser" time="2.014"/>
  <testcase classname="api.test.UserTest2resourcebundle" name="LogoutUser" time="1.481"/>
</testsuite> <!-- Test -->
