<?xml version="1.0" encoding="UTF-8"?>
<!-- Generated by org.testng.reporters.JUnitXMLReporter -->
<testsuite ignored="0" hostname="DESKTOP-QRPNPOQ" failures="0" tests="4" name="Test" time="14.331" errors="0" timestamp="2025-09-17T21:41:55 IST">
  <testcase classname="api.test.UserTest" name="testPostUser" time="6.093"/>
  <testcase classname="api.test.UserTest" name="testgetUserByName" time="1.556"/>
  <testcase classname="api.test.UserTest" name="testUpdateUser" time="3.018"/>
  <testcase classname="api.test.UserTest" name="test_DeleteUser" time="1.543"/>
</testsuite> <!-- Test -->
