<?xml version="1.0" encoding="UTF-8"?>
<!-- Generated by org.testng.reporters.JUnitXMLReporter -->
<testsuite ignored="0" hostname="DESKTOP-QRPNPOQ" failures="1" tests="4" name="Test" time="15.98" errors="0" timestamp="2025-09-18T12:30:38 IST">
  <testcase classname="api.test.UserTest" name="testPostUser" time="7.657"/>
  <testcase classname="api.test.UserTest" name="testgetUserByName" time="1.584">
    <failure type="java.lang.AssertionError" message="expected [200] but found [404]">
      <![CDATA[java.lang.AssertionError: expected [200] but found [404]
at api.test.UserTest.testgetUserByName(UserTest.java:61)
at java.base/java.util.ArrayList.forEach(ArrayList.java:1604)
... Removed 36 stack frames]]>
    </failure>
  </testcase> <!-- testgetUserByName -->
  <testcase classname="api.test.UserTest" name="testUpdateUser" time="2.973"/>
  <testcase classname="api.test.UserTest" name="test_DeleteUser" time="1.507"/>
</testsuite> <!-- Test -->
