<?xml version="1.0" encoding="UTF-8"?>
<!-- Generated by org.testng.reporters.JUnitXMLReporter -->
<testsuite ignored="0" hostname="DESKTOP-QRPNPOQ" failures="0" tests="3" name="User Tests" time="12.394" errors="0" timestamp="2025-09-19T14:35:16 IST">
  <testcase classname="api.test.UserTest2resourcebundle" name="LoginUser" time="6.796"/>
  <testcase classname="api.test.UserTest2resourcebundle" name="testPostUser" time="2.008"/>
  <testcase classname="api.test.UserTest2resourcebundle" name="LogoutUser" time="1.513"/>
</testsuite> <!-- User Tests -->
