<?xml version="1.0" encoding="UTF-8"?>
<!-- Generated by org.testng.reporters.JUnitXMLReporter -->
<testsuite ignored="0" hostname="DESKTOP-QRPNPOQ" failures="0" tests="3" name="User Tests" time="12.338" errors="0" timestamp="2025-09-18T22:48:11 IST">
  <testcase classname="api.test.UserTest2resourcebundle" name="LoginUser" time="6.81"/>
  <testcase classname="api.test.UserTest2resourcebundle" name="testPostUser" time="2.044"/>
  <testcase classname="api.test.UserTest2resourcebundle" name="LogoutUser" time="1.515"/>
</testsuite> <!-- User Tests -->
